<?xml version="1.0" encoding="UTF-8"?>
<testng-results ignored="0" total="1" passed="1" failed="0" skipped="0">
  <reporter-output>
  </reporter-output>
  <suite started-at="2021-02-13T21:59:52 IST" name="Default suite" finished-at="2021-02-13T21:59:59 IST" duration-ms="6580">
    <groups>
    </groups>
    <test started-at="2021-02-13T21:59:52 IST" name="Default test" finished-at="2021-02-13T21:59:59 IST" duration-ms="6580">
      <class name="GetRequest_Demo5">
        <test-method signature="getWeatherDetails()[pri:0, instance:GetRequest_Demo5@25d250c6]" started-at="2021-02-13T21:59:52 IST" name="getWeatherDetails" finished-at="2021-02-13T21:59:59 IST" duration-ms="6487" status="PASS">
          <reporter-output>
          </reporter-output>
        </test-method> <!-- getWeatherDetails -->
      </class> <!-- GetRequest_Demo5 -->
    </test> <!-- Default test -->
  </suite> <!-- Default suite -->
</testng-results>
